#
# There is insufficient memory for the Java Runtime Environment to continue.
# Native memory allocation (malloc) failed to allocate 1840800 bytes. Error detail: Chunk::new
# Possible reasons:
#   The system is out of physical RAM or swap space
#   This process is running with CompressedOops enabled, and the Java Heap may be blocking the growth of the native heap
# Possible solutions:
#   Reduce memory load on the system
#   Increase physical memory or swap space
#   Check if swap backing store is full
#   Decrease Java heap size (-Xmx/-Xms)
#   Decrease number of Java threads
#   Decrease Java thread stack sizes (-Xss)
#   Set larger code cache with -XX:ReservedCodeCacheSize=
#   JVM is running with Unscaled Compressed Oops mode in which the Java heap is
#     placed in the first 4GB address space. The Java Heap base address is the
#     maximum limit for the native heap growth. Please use -XX:HeapBaseMinAddress
#     to set the Java Heap base and to place the Java Heap above 4GB virtual address.
# This output file may be truncated or incomplete.
#
#  Out of Memory Error (arena.cpp:168), pid=15676, tid=10736
#
# JRE version: OpenJDK Runtime Environment (21.0.8) (build 21.0.8+-14196175-b1038.72)
# Java VM: OpenJDK 64-Bit Server VM (21.0.8+-14196175-b1038.72, mixed mode, tiered, compressed oops, compressed class ptrs, g1 gc, windows-amd64)
# No core dump will be written. Minidumps are not enabled by default on client versions of Windows
#

---------------  S U M M A R Y ------------

Command Line: --add-opens=java.base/java.lang=ALL-UNNAMED --add-opens=java.base/java.lang.invoke=ALL-UNNAMED --add-opens=java.base/java.util=ALL-UNNAMED --add-opens=java.prefs/java.util.prefs=ALL-UNNAMED --add-exports=jdk.compiler/com.sun.tools.javac.api=ALL-UNNAMED --add-exports=jdk.compiler/com.sun.tools.javac.util=ALL-UNNAMED --add-opens=java.base/java.util=ALL-UNNAMED --add-opens=java.prefs/java.util.prefs=ALL-UNNAMED --add-opens=java.base/java.nio.charset=ALL-UNNAMED --add-opens=java.base/java.net=ALL-UNNAMED --add-opens=java.base/java.util.concurrent.atomic=ALL-UNNAMED --add-opens=java.xml/javax.xml.namespace=ALL-UNNAMED -XX:MaxMetaspaceSize=512m -XX:ReservedCodeCacheSize=512m -XX:+HeapDumpOnOutOfMemoryError -Xmx2G -Dfile.encoding=UTF-8 -Duser.country=US -Duser.language=en -Duser.variant -javaagent:C:\Users\user\.gradle\wrapper\dists\gradle-8.14-all\c2qonpi39x1mddn7hk5gh9iqj\gradle-8.14\lib\agents\gradle-instrumentation-agent-8.14.jar org.gradle.launcher.daemon.bootstrap.GradleDaemon 8.14

Host: Intel(R) Core(TM) i3-7130U CPU @ 2.70GHz, 4 cores, 3G,  Windows 10 , 64 bit Build 19041 (10.0.19041.5915)
Time: Wed Apr  1 00:16:47 2026 India Standard Time elapsed time: 53.384149 seconds (0d 0h 0m 53s)

---------------  T H R E A D  ---------------

Current thread (0x0000019b4c03f5f0):  JavaThread "C2 CompilerThread0" daemon [_thread_in_native, id=10736, stack(0x000000504f800000,0x000000504f900000) (1024K)]


Current CompileTask:
C2:53385 4445   !   4       java.lang.ClassLoader::loadClass (121 bytes)

Stack: [0x000000504f800000,0x000000504f900000]
Native frames: (J=compiled Java code, j=interpreted, Vv=VM code, C=native code)
V  [jvm.dll+0x6d68d9]
V  [jvm.dll+0x866693]
V  [jvm.dll+0x868c4e]
V  [jvm.dll+0x869333]
V  [jvm.dll+0x280566]
V  [jvm.dll+0xc07cd]
V  [jvm.dll+0xc0d03]
V  [jvm.dll+0x3b961b]
V  [jvm.dll+0x1dfb24]
V  [jvm.dll+0x2493a4]
V  [jvm.dll+0x248821]
V  [jvm.dll+0x1c73a4]
V  [jvm.dll+0x257f9e]
V  [jvm.dll+0x2564e6]
V  [jvm.dll+0x3f4696]
V  [jvm.dll+0x80eac8]
V  [jvm.dll+0x6d512d]
C  [ucrtbase.dll+0x21bb2]
C  [KERNEL32.DLL+0x17374]
C  [ntdll.dll+0x4cc91]


---------------  P R O C E S S  ---------------

Threads class SMR info:
_java_thread_list=0x0000019b4eb23530, length=31, elements={
0x0000019b1d8157d0, 0x0000019b4c010520, 0x0000019b4c022f70, 0x0000019b4c02b5d0,
0x0000019b4c036420, 0x0000019b4c036e80, 0x0000019b4c0378e0, 0x0000019b4c03e860,
0x0000019b4c03f5f0, 0x0000019b4c040090, 0x0000019b4c37fbc0, 0x0000019b4db248d0,
0x0000019b4dc4b580, 0x0000019b4dcd6030, 0x0000019b4dd723a0, 0x0000019b4dc79be0,
0x0000019b4dc7a540, 0x0000019b4dc9e250, 0x0000019b4df2f770, 0x0000019b4df2fe00,
0x0000019b4df2ea50, 0x0000019b4df30490, 0x0000019b4df30b20, 0x0000019b4df2f0e0,
0x0000019b4df2e3c0, 0x0000019b4df2dd30, 0x0000019b4e64e630, 0x0000019b4e650070,
0x0000019b4e6527d0, 0x0000019b4e64d910, 0x0000019b4e6534f0
}

Java Threads: ( => current thread )
  0x0000019b1d8157d0 JavaThread "main"                              [_thread_blocked, id=4672, stack(0x000000504e900000,0x000000504ea00000) (1024K)]
  0x0000019b4c010520 JavaThread "Common-Cleaner"             daemon [_thread_blocked, id=18936, stack(0x000000504f100000,0x000000504f200000) (1024K)]
  0x0000019b4c022f70 JavaThread "Reference Handler"          daemon [_thread_blocked, id=2016, stack(0x000000504f200000,0x000000504f300000) (1024K)]
  0x0000019b4c02b5d0 JavaThread "Finalizer"                  daemon [_thread_blocked, id=8044, stack(0x000000504f300000,0x000000504f400000) (1024K)]
  0x0000019b4c036420 JavaThread "Signal Dispatcher"          daemon [_thread_blocked, id=800, stack(0x000000504f400000,0x000000504f500000) (1024K)]
  0x0000019b4c036e80 JavaThread "Attach Listener"            daemon [_thread_blocked, id=13948, stack(0x000000504f500000,0x000000504f600000) (1024K)]
  0x0000019b4c0378e0 JavaThread "Service Thread"             daemon [_thread_blocked, id=10648, stack(0x000000504f600000,0x000000504f700000) (1024K)]
  0x0000019b4c03e860 JavaThread "Monitor Deflation Thread"   daemon [_thread_blocked, id=15568, stack(0x000000504f700000,0x000000504f800000) (1024K)]
=>0x0000019b4c03f5f0 JavaThread "C2 CompilerThread0"         daemon [_thread_in_native, id=10736, stack(0x000000504f800000,0x000000504f900000) (1024K)]
  0x0000019b4c040090 JavaThread "C1 CompilerThread0"         daemon [_thread_blocked, id=10416, stack(0x000000504f900000,0x000000504fa00000) (1024K)]
  0x0000019b4c37fbc0 JavaThread "Notification Thread"        daemon [_thread_blocked, id=8056, stack(0x000000504fa00000,0x000000504fb00000) (1024K)]
  0x0000019b4db248d0 JavaThread "Daemon health stats"               [_thread_blocked, id=11440, stack(0x000000504fe00000,0x000000504ff00000) (1024K)]
  0x0000019b4dc4b580 JavaThread "Incoming local TCP Connector on port 65243"        [_thread_in_native, id=3044, stack(0x000000504ff00000,0x0000005050000000) (1024K)]
  0x0000019b4dcd6030 JavaThread "Daemon periodic checks"            [_thread_blocked, id=16956, stack(0x0000005050000000,0x0000005050100000) (1024K)]
  0x0000019b4dd723a0 JavaThread "Daemon"                            [_thread_blocked, id=6136, stack(0x0000005050100000,0x0000005050200000) (1024K)]
  0x0000019b4dc79be0 JavaThread "Handler for socket connection from /127.0.0.1:65243 to /127.0.0.1:65244"        [_thread_in_native, id=10548, stack(0x0000005050200000,0x0000005050300000) (1024K)]
  0x0000019b4dc7a540 JavaThread "Cancel handler"                    [_thread_blocked, id=7468, stack(0x0000005050300000,0x0000005050400000) (1024K)]
  0x0000019b4dc9e250 JavaThread "Daemon worker"                     [_thread_in_vm, id=16172, stack(0x0000005050400000,0x0000005050500000) (1024K)]
  0x0000019b4df2f770 JavaThread "Asynchronous log dispatcher for DefaultDaemonConnection: socket connection from /127.0.0.1:65243 to /127.0.0.1:65244"        [_thread_blocked, id=13428, stack(0x0000005050500000,0x0000005050600000) (1024K)]
  0x0000019b4df2fe00 JavaThread "Stdin handler"                     [_thread_blocked, id=13472, stack(0x0000005050600000,0x0000005050700000) (1024K)]
  0x0000019b4df2ea50 JavaThread "Daemon client event forwarder"        [_thread_blocked, id=17936, stack(0x0000005050700000,0x0000005050800000) (1024K)]
  0x0000019b4df30490 JavaThread "Cache worker for journal cache (C:\Users\user\.gradle\caches\journal-1)"        [_thread_blocked, id=16424, stack(0x0000005050800000,0x0000005050900000) (1024K)]
  0x0000019b4df30b20 JavaThread "File lock request listener"        [_thread_in_native, id=8876, stack(0x0000005050900000,0x0000005050a00000) (1024K)]
  0x0000019b4df2f0e0 JavaThread "Cache worker for file hash cache (C:\Users\user\.gradle\caches\8.14\fileHashes)"        [_thread_blocked, id=19016, stack(0x0000005050a00000,0x0000005050b00000) (1024K)]
  0x0000019b4df2e3c0 JavaThread "Cache worker for file hash cache (C:\Users\user\medly\android\.gradle\8.14\fileHashes)"        [_thread_blocked, id=14472, stack(0x000000504e800000,0x000000504e900000) (1024K)]
  0x0000019b4df2dd30 JavaThread "Cache worker for Build Output Cleanup Cache (C:\Users\user\medly\android\.gradle\buildOutputCleanup)"        [_thread_blocked, id=13520, stack(0x0000005050b00000,0x0000005050c00000) (1024K)]
  0x0000019b4e64e630 JavaThread "File watcher server"        daemon [_thread_in_native, id=9484, stack(0x0000005050c00000,0x0000005050d00000) (1024K)]
  0x0000019b4e650070 JavaThread "File watcher consumer"      daemon [_thread_blocked, id=6672, stack(0x0000005050d00000,0x0000005050e00000) (1024K)]
  0x0000019b4e6527d0 JavaThread "File lock release action executor"        [_thread_blocked, id=15688, stack(0x0000005050e00000,0x0000005050f00000) (1024K)]
  0x0000019b4e64d910 JavaThread "Cache worker for checksums cache (C:\Users\user\medly\android\.gradle\8.14\checksums)"        [_thread_blocked, id=13912, stack(0x0000005050f00000,0x0000005051000000) (1024K)]
  0x0000019b4e6534f0 JavaThread "Cache worker for file content cache (C:\Users\user\.gradle\caches\8.14\fileContent)"        [_thread_blocked, id=13504, stack(0x0000005051000000,0x0000005051100000) (1024K)]
Total: 31

Other Threads:
  0x0000019b47ae1f00 VMThread "VM Thread"                           [id=16624, stack(0x000000504f000000,0x000000504f100000) (1024K)]
  0x0000019b47a7d060 WatcherThread "VM Periodic Task Thread"        [id=4600, stack(0x000000504ef00000,0x000000504f000000) (1024K)]
  0x0000019b1fb015f0 WorkerThread "GC Thread#0"                     [id=19056, stack(0x000000504ea00000,0x000000504eb00000) (1024K)]
  0x0000019b4c427ec0 WorkerThread "GC Thread#1"                     [id=2660, stack(0x000000504fb00000,0x000000504fc00000) (1024K)]
  0x0000019b4c51eb80 WorkerThread "GC Thread#2"                     [id=17828, stack(0x000000504fc00000,0x000000504fd00000) (1024K)]
  0x0000019b4cd0a510 WorkerThread "GC Thread#3"                     [id=19132, stack(0x000000504fd00000,0x000000504fe00000) (1024K)]
  0x0000019b1fb12470 ConcurrentGCThread "G1 Main Marker"            [id=11936, stack(0x000000504eb00000,0x000000504ec00000) (1024K)]
  0x0000019b1fb13050 WorkerThread "G1 Conc#0"                       [id=17708, stack(0x000000504ec00000,0x000000504ed00000) (1024K)]
  0x0000019b1fb5f9a0 ConcurrentGCThread "G1 Refine#0"               [id=13888, stack(0x000000504ed00000,0x000000504ee00000) (1024K)]
  0x0000019b1fb603b0 ConcurrentGCThread "G1 Service"                [id=17716, stack(0x000000504ee00000,0x000000504ef00000) (1024K)]
Total: 10

Threads with active compile tasks:
C2 CompilerThread0  53539 4445   !   4       java.lang.ClassLoader::loadClass (121 bytes)
C1 CompilerThread0  53539 4481       3       org.gradle.internal.instantiation.generator.AbstractClassGenerator$InjectionAnnotationValidator::validateMethod (506 bytes)
Total: 2

VM state: not at safepoint (normal execution)

VM Mutex/Monitor currently owned by a thread: None

Heap address: 0x0000000080000000, size: 2048 MB, Compressed Oops mode: 32-bit

CDS archive(s) not mapped
Compressed class space mapped at: 0x0000000100000000-0x000000011a000000, reserved size: 436207616
Narrow klass base: 0x0000000000000000, Narrow klass shift: 3, Narrow klass range: 0x11a000000

GC Precious Log:
 CardTable entry size: 512
 Card Set container configuration: InlinePtr #cards 5 size 8 Array Of Cards #cards 12 size 40 Howl #buckets 4 coarsen threshold 1843 Howl Bitmap #cards 512 size 80 coarsen threshold 460 Card regions per heap region 1 cards per card region 2048
 CPUs: 4 total, 4 available
 Memory: 3968M
 Large Page Support: Disabled
 NUMA Support: Disabled
 Compressed Oops: Enabled (32-bit)
 Heap Region Size: 1M
 Heap Min Capacity: 8M
 Heap Initial Capacity: 64M
 Heap Max Capacity: 2G
 Pre-touch: Disabled
 Parallel Workers: 4
 Concurrent Workers: 1
 Concurrent Refinement Workers: 4
 Periodic GC: Disabled

Heap:
 garbage-first heap   total 65536K, used 47935K [0x0000000080000000, 0x0000000100000000)
  region size 1024K, 18 young (18432K), 1 survivors (1024K)
 Metaspace       used 47211K, committed 48192K, reserved 491520K
  class space    used 6367K, committed 6848K, reserved 425984K

Heap Regions: E=young(eden), S=young(survivor), O=old, HS=humongous(starts), HC=humongous(continues), CS=collection set, F=free, TAMS=top-at-mark-start, PB=parsable bottom
|   0|0x0000000080000000, 0x0000000080100000, 0x0000000080100000|100%|HS|  |TAMS 0x0000000080000000| PB 0x0000000080000000| Complete 
|   1|0x0000000080100000, 0x0000000080200000, 0x0000000080200000|100%|HC|  |TAMS 0x0000000080100000| PB 0x0000000080100000| Complete 
|   2|0x0000000080200000, 0x0000000080300000, 0x0000000080300000|100%|HC|  |TAMS 0x0000000080200000| PB 0x0000000080200000| Complete 
|   3|0x0000000080300000, 0x0000000080400000, 0x0000000080400000|100%| O|  |TAMS 0x0000000080300000| PB 0x0000000080300000| Untracked 
|   4|0x0000000080400000, 0x0000000080500000, 0x0000000080500000|100%| O|  |TAMS 0x0000000080400000| PB 0x0000000080400000| Untracked 
|   5|0x0000000080500000, 0x0000000080600000, 0x0000000080600000|100%| O|  |TAMS 0x0000000080500000| PB 0x0000000080500000| Untracked 
|   6|0x0000000080600000, 0x0000000080700000, 0x0000000080700000|100%| O|  |TAMS 0x0000000080600000| PB 0x0000000080600000| Untracked 
|   7|0x0000000080700000, 0x0000000080800000, 0x0000000080800000|100%| O|Cm|TAMS 0x0000000080700000| PB 0x0000000080700000| Complete 
|   8|0x0000000080800000, 0x0000000080900000, 0x0000000080900000|100%| O|  |TAMS 0x0000000080800000| PB 0x0000000080800000| Untracked 
|   9|0x0000000080900000, 0x0000000080a00000, 0x0000000080a00000|100%| O|  |TAMS 0x0000000080900000| PB 0x0000000080900000| Untracked 
|  10|0x0000000080a00000, 0x0000000080b00000, 0x0000000080b00000|100%| O|  |TAMS 0x0000000080a00000| PB 0x0000000080a00000| Untracked 
|  11|0x0000000080b00000, 0x0000000080c00000, 0x0000000080c00000|100%|HS|  |TAMS 0x0000000080b00000| PB 0x0000000080b00000| Complete 
|  12|0x0000000080c00000, 0x0000000080d00000, 0x0000000080d00000|100%| O|  |TAMS 0x0000000080c00000| PB 0x0000000080c00000| Untracked 
|  13|0x0000000080d00000, 0x0000000080e00000, 0x0000000080e00000|100%| O|  |TAMS 0x0000000080d00000| PB 0x0000000080d00000| Untracked 
|  14|0x0000000080e00000, 0x0000000080f00000, 0x0000000080f00000|100%| O|  |TAMS 0x0000000080e00000| PB 0x0000000080e00000| Untracked 
|  15|0x0000000080f00000, 0x0000000081000000, 0x0000000081000000|100%| O|  |TAMS 0x0000000080f00000| PB 0x0000000080f00000| Untracked 
|  16|0x0000000081000000, 0x0000000081100000, 0x0000000081100000|100%| O|  |TAMS 0x0000000081000000| PB 0x0000000081000000| Untracked 
|  17|0x0000000081100000, 0x0000000081200000, 0x0000000081200000|100%| O|  |TAMS 0x0000000081100000| PB 0x0000000081100000| Untracked 
|  18|0x0000000081200000, 0x0000000081300000, 0x0000000081300000|100%| O|  |TAMS 0x0000000081200000| PB 0x0000000081200000| Untracked 
|  19|0x0000000081300000, 0x0000000081400000, 0x0000000081400000|100%| O|  |TAMS 0x0000000081300000| PB 0x0000000081300000| Untracked 
|  20|0x0000000081400000, 0x0000000081500000, 0x0000000081500000|100%| O|  |TAMS 0x0000000081400000| PB 0x0000000081400000| Untracked 
|  21|0x0000000081500000, 0x0000000081600000, 0x0000000081600000|100%| O|  |TAMS 0x0000000081500000| PB 0x0000000081500000| Untracked 
|  22|0x0000000081600000, 0x0000000081700000, 0x0000000081700000|100%| O|  |TAMS 0x0000000081600000| PB 0x0000000081600000| Untracked 
|  23|0x0000000081700000, 0x0000000081800000, 0x0000000081800000|100%| O|  |TAMS 0x0000000081700000| PB 0x0000000081700000| Untracked 
|  24|0x0000000081800000, 0x0000000081900000, 0x0000000081900000|100%| O|  |TAMS 0x0000000081800000| PB 0x0000000081800000| Untracked 
|  25|0x0000000081900000, 0x0000000081a00000, 0x0000000081a00000|100%| O|  |TAMS 0x0000000081900000| PB 0x0000000081900000| Untracked 
|  26|0x0000000081a00000, 0x0000000081b00000, 0x0000000081b00000|100%| O|  |TAMS 0x0000000081a00000| PB 0x0000000081a00000| Untracked 
|  27|0x0000000081b00000, 0x0000000081c00000, 0x0000000081c00000|100%| O|  |TAMS 0x0000000081b00000| PB 0x0000000081b00000| Untracked 
|  28|0x0000000081c00000, 0x0000000081c5a2c0, 0x0000000081d00000| 35%| O|  |TAMS 0x0000000081c00000| PB 0x0000000081c00000| Untracked 
|  29|0x0000000081d00000, 0x0000000081d00000, 0x0000000081e00000|  0%| F|  |TAMS 0x0000000081d00000| PB 0x0000000081d00000| Untracked 
|  30|0x0000000081e00000, 0x0000000081e00000, 0x0000000081f00000|  0%| F|  |TAMS 0x0000000081e00000| PB 0x0000000081e00000| Untracked 
|  31|0x0000000081f00000, 0x0000000081f00000, 0x0000000082000000|  0%| F|  |TAMS 0x0000000081f00000| PB 0x0000000081f00000| Untracked 
|  32|0x0000000082000000, 0x0000000082100000, 0x0000000082100000|100%| O|  |TAMS 0x0000000082000000| PB 0x0000000082000000| Untracked 
|  33|0x0000000082100000, 0x0000000082200000, 0x0000000082200000|100%| O|  |TAMS 0x0000000082100000| PB 0x0000000082100000| Untracked 
|  34|0x0000000082200000, 0x0000000082200000, 0x0000000082300000|  0%| F|  |TAMS 0x0000000082200000| PB 0x0000000082200000| Untracked 
|  35|0x0000000082300000, 0x0000000082300000, 0x0000000082400000|  0%| F|  |TAMS 0x0000000082300000| PB 0x0000000082300000| Untracked 
|  36|0x0000000082400000, 0x0000000082400000, 0x0000000082500000|  0%| F|  |TAMS 0x0000000082400000| PB 0x0000000082400000| Untracked 
|  37|0x0000000082500000, 0x0000000082575a28, 0x0000000082600000| 45%| S|CS|TAMS 0x0000000082500000| PB 0x0000000082500000| Complete 
|  38|0x0000000082600000, 0x0000000082600000, 0x0000000082700000|  0%| F|  |TAMS 0x0000000082600000| PB 0x0000000082600000| Untracked 
|  39|0x0000000082700000, 0x0000000082700000, 0x0000000082800000|  0%| F|  |TAMS 0x0000000082700000| PB 0x0000000082700000| Untracked 
|  40|0x0000000082800000, 0x0000000082800000, 0x0000000082900000|  0%| F|  |TAMS 0x0000000082800000| PB 0x0000000082800000| Untracked 
|  41|0x0000000082900000, 0x0000000082900000, 0x0000000082a00000|  0%| F|  |TAMS 0x0000000082900000| PB 0x0000000082900000| Untracked 
|  42|0x0000000082a00000, 0x0000000082a00000, 0x0000000082b00000|  0%| F|  |TAMS 0x0000000082a00000| PB 0x0000000082a00000| Untracked 
|  43|0x0000000082b00000, 0x0000000082b00000, 0x0000000082c00000|  0%| F|  |TAMS 0x0000000082b00000| PB 0x0000000082b00000| Untracked 
|  44|0x0000000082c00000, 0x0000000082c00000, 0x0000000082d00000|  0%| F|  |TAMS 0x0000000082c00000| PB 0x0000000082c00000| Untracked 
|  45|0x0000000082d00000, 0x0000000082d00000, 0x0000000082e00000|  0%| F|  |TAMS 0x0000000082d00000| PB 0x0000000082d00000| Untracked 
|  46|0x0000000082e00000, 0x0000000082e00000, 0x0000000082f00000|  0%| F|  |TAMS 0x0000000082e00000| PB 0x0000000082e00000| Untracked 
|  47|0x0000000082f00000, 0x0000000082f77ae0, 0x0000000083000000| 46%| E|  |TAMS 0x0000000082f00000| PB 0x0000000082f00000| Complete 
|  48|0x0000000083000000, 0x0000000083100000, 0x0000000083100000|100%| E|CS|TAMS 0x0000000083000000| PB 0x0000000083000000| Complete 
|  49|0x0000000083100000, 0x0000000083200000, 0x0000000083200000|100%| E|CS|TAMS 0x0000000083100000| PB 0x0000000083100000| Complete 
|  50|0x0000000083200000, 0x0000000083300000, 0x0000000083300000|100%| E|CS|TAMS 0x0000000083200000| PB 0x0000000083200000| Complete 
|  51|0x0000000083300000, 0x0000000083400000, 0x0000000083400000|100%| E|CS|TAMS 0x0000000083300000| PB 0x0000000083300000| Complete 
|  52|0x0000000083400000, 0x0000000083500000, 0x0000000083500000|100%| E|CS|TAMS 0x0000000083400000| PB 0x0000000083400000| Complete 
|  53|0x0000000083500000, 0x0000000083600000, 0x0000000083600000|100%| E|CS|TAMS 0x0000000083500000| PB 0x0000000083500000| Complete 
|  54|0x0000000083600000, 0x0000000083700000, 0x0000000083700000|100%| E|CS|TAMS 0x0000000083600000| PB 0x0000000083600000| Complete 
|  55|0x0000000083700000, 0x0000000083800000, 0x0000000083800000|100%| E|CS|TAMS 0x0000000083700000| PB 0x0000000083700000| Complete 
|  56|0x0000000083800000, 0x0000000083900000, 0x0000000083900000|100%| E|CS|TAMS 0x0000000083800000| PB 0x0000000083800000| Complete 
|  57|0x0000000083900000, 0x0000000083a00000, 0x0000000083a00000|100%| E|CS|TAMS 0x0000000083900000| PB 0x0000000083900000| Complete 
|  58|0x0000000083a00000, 0x0000000083b00000, 0x0000000083b00000|100%| E|CS|TAMS 0x0000000083a00000| PB 0x0000000083a00000| Complete 
|  59|0x0000000083b00000, 0x0000000083c00000, 0x0000000083c00000|100%| E|CS|TAMS 0x0000000083b00000| PB 0x0000000083b00000| Complete 
|  60|0x0000000083c00000, 0x0000000083d00000, 0x0000000083d00000|100%| E|CS|TAMS 0x0000000083c00000| PB 0x0000000083c00000| Complete 
|  61|0x0000000083d00000, 0x0000000083e00000, 0x0000000083e00000|100%| E|CS|TAMS 0x0000000083d00000| PB 0x0000000083d00000| Complete 
|  62|0x0000000083e00000, 0x0000000083f00000, 0x0000000083f00000|100%| E|CS|TAMS 0x0000000083e00000| PB 0x0000000083e00000| Complete 
|  63|0x0000000083f00000, 0x0000000084000000, 0x0000000084000000|100%| E|CS|TAMS 0x0000000083f00000| PB 0x0000000083f00000| Complete 

Card table byte_map: [0x0000019b43110000,0x0000019b43510000] _byte_map_base: 0x0000019b42d10000

Marking Bits: (CMBitMap*) 0x0000019b1fb01b90
 Bits: [0x0000019b43510000, 0x0000019b45510000)

Polling page: 0x0000019b1d7a0000

Metaspace:

Usage:
  Non-class:     39.91 MB used.
      Class:      6.22 MB used.
       Both:     46.13 MB used.

Virtual space:
  Non-class space:       64.00 MB reserved,      40.44 MB ( 63%) committed,  1 nodes.
      Class space:      416.00 MB reserved,       6.69 MB (  2%) committed,  1 nodes.
             Both:      480.00 MB reserved,      47.12 MB ( 10%) committed. 

Chunk freelists:
   Non-Class:  6.79 MB
       Class:  9.28 MB
        Both:  16.07 MB

MaxMetaspaceSize: 512.00 MB
CompressedClassSpaceSize: 416.00 MB
Initial GC threshold: 21.00 MB
Current GC threshold: 74.62 MB
CDS: off
 - commit_granule_bytes: 65536.
 - commit_granule_words: 8192.
 - virtual_space_node_default_size: 8388608.
 - enlarge_chunks_in_place: 1.
 - use_allocation_guard: 0.


Internal statistics:

num_allocs_failed_limit: 6.
num_arena_births: 1864.
num_arena_deaths: 0.
num_vsnodes_births: 2.
num_vsnodes_deaths: 0.
num_space_committed: 754.
num_space_uncommitted: 0.
num_chunks_returned_to_freelist: 6.
num_chunks_taken_from_freelist: 3425.
num_chunk_merges: 6.
num_chunk_splits: 2261.
num_chunks_enlarged: 1467.
num_inconsistent_stats: 0.

CodeHeap 'non-profiled nmethods': size=259264Kb used=2146Kb max_used=2164Kb free=257117Kb
 bounds [0x0000019b32ed0000, 0x0000019b33140000, 0x0000019b42c00000]
CodeHeap 'profiled nmethods': size=259264Kb used=7433Kb max_used=7531Kb free=251830Kb
 bounds [0x0000019b22c00000, 0x0000019b23360000, 0x0000019b32930000]
CodeHeap 'non-nmethods': size=5760Kb used=1908Kb max_used=1938Kb free=3851Kb
 bounds [0x0000019b32930000, 0x0000019b32ba0000, 0x0000019b32ed0000]
CodeCache: size=524288Kb, used=11487Kb, max_used=11633Kb, free=512798Kb
 total_blobs=4597, nmethods=3897, adapters=603, full_count=0
Compilation: enabled, stopped_count=0, restarted_count=0

Compilation events (20 events):
Event: 53.246 Thread 0x0000019b4c040090 4453       3       com.google.common.cache.LocalCache::refreshes (15 bytes)
Event: 53.247 Thread 0x0000019b4c040090 nmethod 4453 0x0000019b23276690 code [0x0000019b23276820, 0x0000019b23276988]
Event: 53.260 Thread 0x0000019b4c040090 4454   !   3       java.io.BufferedInputStream::read (54 bytes)
Event: 53.261 Thread 0x0000019b4c040090 nmethod 4454 0x0000019b22d79690 code [0x0000019b22d79920, 0x0000019b22d7a4f0]
Event: 53.261 Thread 0x0000019b4c040090 4455       3       java.io.BufferedInputStream::implRead (49 bytes)
Event: 53.261 Thread 0x0000019b4c040090 nmethod 4455 0x0000019b22ce8110 code [0x0000019b22ce82e0, 0x0000019b22ce85a0]
Event: 53.263 Thread 0x0000019b4c040090 4456       1       java.net.InetSocketAddress$InetSocketAddressHolder::getAddress (5 bytes)
Event: 53.263 Thread 0x0000019b4c040090 nmethod 4456 0x0000019b33083310 code [0x0000019b330834a0, 0x0000019b33083568]
Event: 53.296 Thread 0x0000019b4c040090 4457       1       org.gradle.cache.internal.locklistener.DefaultFileLockContentionHandler::access$100 (5 bytes)
Event: 53.296 Thread 0x0000019b4c040090 nmethod 4457 0x0000019b33083010 code [0x0000019b330831a0, 0x0000019b33083250]
Event: 53.298 Thread 0x0000019b4c040090 4458       3       java.util.concurrent.atomic.LongAdder::<init> (5 bytes)
Event: 53.298 Thread 0x0000019b4c040090 nmethod 4458 0x0000019b22ef2310 code [0x0000019b22ef24c0, 0x0000019b22ef26e8]
Event: 53.302 Thread 0x0000019b4c040090 4459       3       com.google.common.cache.LongAddables::create (9 bytes)
Event: 53.302 Thread 0x0000019b4c040090 nmethod 4459 0x0000019b22e67190 code [0x0000019b22e67360, 0x0000019b22e676e0]
Event: 53.302 Thread 0x0000019b4c040090 4460       3       com.google.common.cache.LocalCache::usesAccessQueue (20 bytes)
Event: 53.303 Thread 0x0000019b4c040090 nmethod 4460 0x0000019b22e66b90 code [0x0000019b22e66d40, 0x0000019b22e67060]
Event: 53.335 Thread 0x0000019b4c040090 4461       3       java.lang.invoke.InvokerBytecodeGenerator::resolveFrom (81 bytes)
Event: 53.335 Thread 0x0000019b4c040090 nmethod 4461 0x0000019b22fa4590 code [0x0000019b22fa4760, 0x0000019b22fa4a28]
Event: 53.373 Thread 0x0000019b4c040090 4462       3       java.lang.invoke.MethodHandles::identity (87 bytes)
Event: 53.374 Thread 0x0000019b4c040090 nmethod 4462 0x0000019b22de5d10 code [0x0000019b22de5f20, 0x0000019b22de6338]

GC Heap History (20 events):
Event: 7.936 GC heap before
{Heap before GC invocations=3 (full 0):
 garbage-first heap   total 65536K, used 50826K [0x0000000080000000, 0x0000000100000000)
  region size 1024K, 38 young (38912K), 2 survivors (2048K)
 Metaspace       used 13535K, committed 13760K, reserved 491520K
  class space    used 1548K, committed 1664K, reserved 425984K
}
Event: 7.945 GC heap after
{Heap after GC invocations=4 (full 0):
 garbage-first heap   total 65536K, used 17139K [0x0000000080000000, 0x0000000100000000)
  region size 1024K, 5 young (5120K), 5 survivors (5120K)
 Metaspace       used 13535K, committed 13760K, reserved 491520K
  class space    used 1548K, committed 1664K, reserved 425984K
}
Event: 10.006 GC heap before
{Heap before GC invocations=4 (full 0):
 garbage-first heap   total 65536K, used 40691K [0x0000000080000000, 0x0000000100000000)
  region size 1024K, 29 young (29696K), 5 survivors (5120K)
 Metaspace       used 21228K, committed 21504K, reserved 491520K
  class space    used 2543K, committed 2688K, reserved 425984K
}
Event: 10.019 GC heap after
{Heap after GC invocations=5 (full 0):
 garbage-first heap   total 65536K, used 21104K [0x0000000080000000, 0x0000000100000000)
  region size 1024K, 4 young (4096K), 4 survivors (4096K)
 Metaspace       used 21228K, committed 21504K, reserved 491520K
  class space    used 2543K, committed 2688K, reserved 425984K
}
Event: 38.321 GC heap before
{Heap before GC invocations=6 (full 0):
 garbage-first heap   total 65536K, used 50800K [0x0000000080000000, 0x0000000100000000)
  region size 1024K, 33 young (33792K), 4 survivors (4096K)
 Metaspace       used 26656K, committed 27072K, reserved 491520K
  class space    used 3352K, committed 3584K, reserved 425984K
}
Event: 38.362 GC heap after
{Heap after GC invocations=7 (full 0):
 garbage-first heap   total 65536K, used 22514K [0x0000000080000000, 0x0000000100000000)
  region size 1024K, 2 young (2048K), 2 survivors (2048K)
 Metaspace       used 26656K, committed 27072K, reserved 491520K
  class space    used 3352K, committed 3584K, reserved 425984K
}
Event: 43.891 GC heap before
{Heap before GC invocations=7 (full 0):
 garbage-first heap   total 65536K, used 52210K [0x0000000080000000, 0x0000000100000000)
  region size 1024K, 32 young (32768K), 2 survivors (2048K)
 Metaspace       used 30692K, committed 31232K, reserved 491520K
  class space    used 4085K, committed 4352K, reserved 425984K
}
Event: 43.904 GC heap after
{Heap after GC invocations=8 (full 0):
 garbage-first heap   total 65536K, used 24398K [0x0000000080000000, 0x0000000100000000)
  region size 1024K, 4 young (4096K), 4 survivors (4096K)
 Metaspace       used 30692K, committed 31232K, reserved 491520K
  class space    used 4085K, committed 4352K, reserved 425984K
}
Event: 47.453 GC heap before
{Heap before GC invocations=8 (full 0):
 garbage-first heap   total 65536K, used 54094K [0x0000000080000000, 0x0000000100000000)
  region size 1024K, 33 young (33792K), 4 survivors (4096K)
 Metaspace       used 34958K, committed 35776K, reserved 491520K
  class space    used 4801K, committed 5184K, reserved 425984K
}
Event: 47.468 GC heap after
{Heap after GC invocations=9 (full 0):
 garbage-first heap   total 65536K, used 26467K [0x0000000080000000, 0x0000000100000000)
  region size 1024K, 5 young (5120K), 5 survivors (5120K)
 Metaspace       used 34958K, committed 35776K, reserved 491520K
  class space    used 4801K, committed 5184K, reserved 425984K
}
Event: 47.548 GC heap before
{Heap before GC invocations=9 (full 0):
 garbage-first heap   total 65536K, used 27491K [0x0000000080000000, 0x0000000100000000)
  region size 1024K, 7 young (7168K), 5 survivors (5120K)
 Metaspace       used 35181K, committed 35968K, reserved 491520K
  class space    used 4820K, committed 5184K, reserved 425984K
}
Event: 47.560 GC heap after
{Heap after GC invocations=10 (full 0):
 garbage-first heap   total 65536K, used 26460K [0x0000000080000000, 0x0000000100000000)
  region size 1024K, 2 young (2048K), 2 survivors (2048K)
 Metaspace       used 35181K, committed 35968K, reserved 491520K
  class space    used 4820K, committed 5184K, reserved 425984K
}
Event: 50.177 GC heap before
{Heap before GC invocations=11 (full 0):
 garbage-first heap   total 65536K, used 56156K [0x0000000080000000, 0x0000000100000000)
  region size 1024K, 32 young (32768K), 2 survivors (2048K)
 Metaspace       used 41798K, committed 42624K, reserved 491520K
  class space    used 5660K, committed 6016K, reserved 425984K
}
Event: 50.187 GC heap after
{Heap after GC invocations=12 (full 0):
 garbage-first heap   total 65536K, used 29400K [0x0000000080000000, 0x0000000100000000)
  region size 1024K, 4 young (4096K), 4 survivors (4096K)
 Metaspace       used 41798K, committed 42624K, reserved 491520K
  class space    used 5660K, committed 6016K, reserved 425984K
}
Event: 51.000 GC heap before
{Heap before GC invocations=12 (full 0):
 garbage-first heap   total 65536K, used 56024K [0x0000000080000000, 0x0000000100000000)
  region size 1024K, 31 young (31744K), 4 survivors (4096K)
 Metaspace       used 43384K, committed 44288K, reserved 491520K
  class space    used 5828K, committed 6272K, reserved 425984K
}
Event: 51.020 GC heap after
{Heap after GC invocations=13 (full 0):
 garbage-first heap   total 65536K, used 31670K [0x0000000080000000, 0x0000000100000000)
  region size 1024K, 3 young (3072K), 3 survivors (3072K)
 Metaspace       used 43384K, committed 44288K, reserved 491520K
  class space    used 5828K, committed 6272K, reserved 425984K
}
Event: 51.573 GC heap before
{Heap before GC invocations=13 (full 0):
 garbage-first heap   total 65536K, used 37814K [0x0000000080000000, 0x0000000100000000)
  region size 1024K, 10 young (10240K), 3 survivors (3072K)
 Metaspace       used 44201K, committed 45120K, reserved 491520K
  class space    used 5954K, committed 6400K, reserved 425984K
}
Event: 51.577 GC heap after
{Heap after GC invocations=14 (full 0):
 garbage-first heap   total 65536K, used 32015K [0x0000000080000000, 0x0000000100000000)
  region size 1024K, 1 young (1024K), 1 survivors (1024K)
 Metaspace       used 44201K, committed 45120K, reserved 491520K
  class space    used 5954K, committed 6400K, reserved 425984K
}
Event: 52.051 GC heap before
{Heap before GC invocations=15 (full 0):
 garbage-first heap   total 65536K, used 59663K [0x0000000080000000, 0x0000000100000000)
  region size 1024K, 26 young (26624K), 1 survivors (1024K)
 Metaspace       used 45369K, committed 46272K, reserved 491520K
  class space    used 6025K, committed 6464K, reserved 425984K
}
Event: 52.054 GC heap after
{Heap after GC invocations=16 (full 0):
 garbage-first heap   total 65536K, used 31551K [0x0000000080000000, 0x0000000100000000)
  region size 1024K, 1 young (1024K), 1 survivors (1024K)
 Metaspace       used 45369K, committed 46272K, reserved 491520K
  class space    used 6025K, committed 6464K, reserved 425984K
}

Dll operation events (3 events):
Event: 0.063 Loaded shared library C:\Program Files\Android\Android Studio\jbr\bin\java.dll
Event: 0.077 Loaded shared library C:\Program Files\Android\Android Studio\jbr\bin\zip.dll
Event: 2.873 Loaded shared library C:\Program Files\Android\Android Studio\jbr\bin\verify.dll

Deoptimization events (20 events):
Event: 52.789 Thread 0x0000019b4dc9e250 Uncommon trap: trap_request=0xffffffde fr.pc=0x0000019b32f24388 relative=0x00000000000016a8
Event: 52.789 Thread 0x0000019b4dc9e250 Uncommon trap: reason=class_check action=maybe_recompile pc=0x0000019b32f24388 method=jdk.internal.loader.URLClassPath.getLoader(I)Ljdk/internal/loader/URLClassPath$Loader; @ 88 c2
Event: 52.789 Thread 0x0000019b4dc9e250 DEOPT PACKING pc=0x0000019b32f24388 sp=0x00000050504f9f70
Event: 52.789 Thread 0x0000019b4dc9e250 DEOPT UNPACKING pc=0x0000019b329846a2 sp=0x00000050504f9f60 mode 2
Event: 52.789 Thread 0x0000019b4dc9e250 Uncommon trap: trap_request=0xffffffde fr.pc=0x0000019b33032abc relative=0x000000000000021c
Event: 52.789 Thread 0x0000019b4dc9e250 Uncommon trap: reason=class_check action=maybe_recompile pc=0x0000019b33032abc method=jdk.internal.loader.URLClassPath.getResource(Ljava/lang/String;Z)Ljdk/internal/loader/Resource; @ 53 c2
Event: 52.789 Thread 0x0000019b4dc9e250 DEOPT PACKING pc=0x0000019b33032abc sp=0x00000050504fa030
Event: 52.789 Thread 0x0000019b4dc9e250 DEOPT UNPACKING pc=0x0000019b329846a2 sp=0x00000050504f9fc0 mode 2
Event: 52.798 Thread 0x0000019b4dc9e250 Uncommon trap: trap_request=0xffffffc6 fr.pc=0x0000019b330213d0 relative=0x0000000000004fd0
Event: 52.798 Thread 0x0000019b4dc9e250 Uncommon trap: reason=bimorphic_or_optimized_type_check action=maybe_recompile pc=0x0000019b330213d0 method=java.lang.ClassLoader.loadClass(Ljava/lang/String;Z)Ljava/lang/Class; @ 38 c2
Event: 52.798 Thread 0x0000019b4dc9e250 DEOPT PACKING pc=0x0000019b330213d0 sp=0x00000050504f8890
Event: 52.799 Thread 0x0000019b4dc9e250 DEOPT UNPACKING pc=0x0000019b329846a2 sp=0x00000050504f88b0 mode 2
Event: 52.799 Thread 0x0000019b4dc9e250 Uncommon trap: trap_request=0xffffffc6 fr.pc=0x0000019b330213d0 relative=0x0000000000004fd0
Event: 52.799 Thread 0x0000019b4dc9e250 Uncommon trap: reason=bimorphic_or_optimized_type_check action=maybe_recompile pc=0x0000019b330213d0 method=java.lang.ClassLoader.loadClass(Ljava/lang/String;Z)Ljava/lang/Class; @ 38 c2
Event: 52.799 Thread 0x0000019b4dc9e250 DEOPT PACKING pc=0x0000019b330213d0 sp=0x00000050504f8730
Event: 52.799 Thread 0x0000019b4dc9e250 DEOPT UNPACKING pc=0x0000019b329846a2 sp=0x00000050504f8768 mode 2
Event: 52.802 Thread 0x0000019b4dc9e250 Uncommon trap: trap_request=0xffffff45 fr.pc=0x0000019b33066adc relative=0x000000000000093c
Event: 52.802 Thread 0x0000019b4dc9e250 Uncommon trap: reason=unstable_if action=reinterpret pc=0x0000019b33066adc method=java.lang.Class.getPackageName()Ljava/lang/String; @ 55 c2
Event: 52.802 Thread 0x0000019b4dc9e250 DEOPT PACKING pc=0x0000019b33066adc sp=0x00000050504f9d00
Event: 52.802 Thread 0x0000019b4dc9e250 DEOPT UNPACKING pc=0x0000019b329846a2 sp=0x00000050504f9cd0 mode 2

Classes loaded (20 events):
Event: 50.918 Loading class sun/nio/fs/WindowsException
Event: 50.918 Loading class sun/nio/fs/WindowsException done
Event: 50.920 Loading class com/jetbrains/internal/IoToNioErrorMessageHolder
Event: 50.921 Loading class com/jetbrains/internal/IoToNioErrorMessageHolder done
Event: 51.035 Loading class java/util/Collections$SynchronizedRandomAccessList
Event: 51.035 Loading class java/util/Collections$SynchronizedList
Event: 51.035 Loading class java/util/Collections$SynchronizedList done
Event: 51.035 Loading class java/util/Collections$SynchronizedRandomAccessList done
Event: 51.084 Loading class java/lang/invoke/BoundMethodHandle$Species_LLLLLLLLLLLLLLLLLLLLLLLLL
Event: 51.084 Loading class java/lang/invoke/BoundMethodHandle$Species_LLLLLLLLLLLLLLLLLLLLLLLLL done
Event: 51.087 Loading class java/lang/invoke/BoundMethodHandle$Species_LLLLLLLLLLLLLLLLLLLLLLLLLL
Event: 51.087 Loading class java/lang/invoke/BoundMethodHandle$Species_LLLLLLLLLLLLLLLLLLLLLLLLLL done
Event: 52.302 Loading class java/nio/charset/CharacterCodingException
Event: 52.303 Loading class java/nio/charset/CharacterCodingException done
Event: 52.678 Loading class java/util/stream/Streams$RangeIntSpliterator
Event: 52.679 Loading class java/util/stream/Streams$RangeIntSpliterator done
Event: 52.785 Loading class jdk/internal/loader/URLClassPath$FileLoader
Event: 52.787 Loading class jdk/internal/loader/URLClassPath$FileLoader done
Event: 52.790 Loading class jdk/internal/loader/URLClassPath$FileLoader$1
Event: 52.790 Loading class jdk/internal/loader/URLClassPath$FileLoader$1 done

Classes unloaded (0 events):
No events

Classes redefined (0 events):
No events

Internal exceptions (20 events):
Event: 50.922 Thread 0x0000019b4dc9e250 Exception <a 'sun/nio/fs/WindowsException'{0x0000000082682940}> (0x0000000082682940) 
thrown [s\src\hotspot\share\prims\jni.cpp, line 537]
Event: 50.925 Thread 0x0000019b4dc9e250 Exception <a 'sun/nio/fs/WindowsException'{0x0000000082683e50}> (0x0000000082683e50) 
thrown [s\src\hotspot\share\prims\jni.cpp, line 537]
Event: 50.928 Thread 0x0000019b4dc9e250 Exception <a 'sun/nio/fs/WindowsException'{0x0000000082684f88}> (0x0000000082684f88) 
thrown [s\src\hotspot\share\prims\jni.cpp, line 537]
Event: 50.988 Thread 0x0000019b4dc9e250 Exception <a 'java/lang/NoSuchMethodError'{0x00000000825be5c0}: 'java.lang.Object java.lang.invoke.Invokers$Holder.invoker(java.lang.Object, java.lang.Object, java.lang.Object, java.lang.Object, java.lang.Object, java.lang.Object)'> (0x00000000825be5c0) 
thrown [s\src\hotspot\share\interpreter\linkResolver.cpp, line 784]
Event: 51.070 Thread 0x0000019b4dc9e250 Exception <a 'java/lang/NoSuchMethodError'{0x0000000083fe2940}: 'java.lang.Object java.lang.invoke.DirectMethodHandle$Holder.invokeSpecial(java.lang.Object, java.lang.Object, java.lang.Object, java.lang.Object, java.lang.Object, java.lang.Object, java.lang.Object, java.lang.Object, java.lang.Object, java.lang.Object, java.lang.Object, java.lang.Object, java.lang.Object, java.lang.Object, java.lang.Object, java.lang.Object, java.lang.Object, java.lang.Object, java.lang.Object, java.lang.Object, java.lang.Ob
Event: 51.071 Thread 0x0000019b4dc9e250 Exception <a 'java/lang/NoSuchMethodError'{0x0000000083fe8a18}: 'java.lang.Object java.lang.invoke.DelegatingMethodHandle$Holder.reinvoke_L(java.lang.Object, java.lang.Object, java.lang.Object, java.lang.Object, java.lang.Object, java.lang.Object, java.lang.Object, java.lang.Object, java.lang.Object, java.lang.Object, java.lang.Object, java.lang.Object, java.lang.Object, java.lang.Object, java.lang.Object, java.lang.Object, java.lang.Object, java.lang.Object, java.lang.Object, java.lang.Object, java.lang.O
Event: 51.072 Thread 0x0000019b4dc9e250 Exception <a 'java/lang/NoSuchMethodError'{0x0000000083ff3c00}: 'java.lang.Object java.lang.invoke.Invokers$Holder.invoker(java.lang.Object, java.lang.Object, java.lang.Object, java.lang.Object, java.lang.Object, java.lang.Object, java.lang.Object, java.lang.Object, java.lang.Object, java.lang.Object, java.lang.Object, java.lang.Object, java.lang.Object, java.lang.Object, java.lang.Object, java.lang.Object, java.lang.Object, java.lang.Object, java.lang.Object, java.lang.Object, java.lang.Object, java.lang.
Event: 51.072 Thread 0x0000019b4dc9e250 Exception <a 'java/lang/NoSuchMethodError'{0x0000000083ffa588}: 'java.lang.Object java.lang.invoke.DelegatingMethodHandle$Holder.delegate(java.lang.Object, java.lang.Object, java.lang.Object, java.lang.Object, java.lang.Object, java.lang.Object, java.lang.Object, java.lang.Object, java.lang.Object, java.lang.Object, java.lang.Object, java.lang.Object, java.lang.Object, java.lang.Object, java.lang.Object, java.lang.Object, java.lang.Object, java.lang.Object, java.lang.Object, java.lang.Object, java.lang.Obj
Event: 51.086 Thread 0x0000019b4dc9e250 Exception <a 'java/lang/NoSuchMethodError'{0x0000000083ecf7c0}: 'java.lang.Object java.lang.invoke.DirectMethodHandle$Holder.invokeStatic(java.lang.Object, java.lang.Object, java.lang.Object, java.lang.Object, java.lang.Object, java.lang.Object, java.lang.Object, java.lang.Object, java.lang.Object, java.lang.Object, java.lang.Object, java.lang.Object, java.lang.Object, java.lang.Object, java.lang.Object, java.lang.Object, java.lang.Object, java.lang.Object, java.lang.Object, java.lang.Object, java.lang.Obj
Event: 51.093 Thread 0x0000019b4dc9e250 Exception <a 'java/lang/NoSuchMethodError'{0x0000000083d04f40}: 'java.lang.Object java.lang.invoke.DirectMethodHandle$Holder.invokeStatic(java.lang.Object, java.lang.Object, java.lang.Object, java.lang.Object, java.lang.Object, java.lang.Object, java.lang.Object, java.lang.Object, java.lang.Object, java.lang.Object, java.lang.Object, java.lang.Object, java.lang.Object, java.lang.Object, java.lang.Object, java.lang.Object, java.lang.Object, java.lang.Object, java.lang.Object, java.lang.Object, java.lang.Obj
Event: 52.168 Thread 0x0000019b4dc9e250 Exception <a 'java/lang/IncompatibleClassChangeError'{0x0000000083d840b8}: Found class java.lang.Object, but interface was expected> (0x0000000083d840b8) 
thrown [s\src\hotspot\share\interpreter\linkResolver.cpp, line 851]
Event: 52.205 Thread 0x0000019b4dc9e250 Exception <a 'java/lang/NoSuchMethodError'{0x0000000083c2eca0}: 'java.lang.Object java.lang.invoke.DirectMethodHandle$Holder.newInvokeSpecial(java.lang.Object, java.lang.Object, long)'> (0x0000000083c2eca0) 
thrown [s\src\hotspot\share\interpreter\linkResolver.cpp, line 784]
Event: 52.206 Thread 0x0000019b4dc9e250 Exception <a 'java/lang/NoSuchMethodError'{0x0000000083c33338}: 'java.lang.Object java.lang.invoke.Invokers$Holder.linkToTargetMethod(java.lang.Object, long, java.lang.Object)'> (0x0000000083c33338) 
thrown [s\src\hotspot\share\interpreter\linkResolver.cpp, line 784]
Event: 52.264 Thread 0x0000019b4df2f0e0 Implicit null exception at 0x0000019b32f1a9cf to 0x0000019b32f1ad68
Event: 52.355 Thread 0x0000019b4dc9e250 Exception <a 'java/lang/NoSuchMethodError'{0x0000000083bca108}: 'int java.lang.invoke.DirectMethodHandle$Holder.invokeInterface(java.lang.Object, java.lang.Object)'> (0x0000000083bca108) 
thrown [s\src\hotspot\share\interpreter\linkResolver.cpp, line 784]
Event: 52.674 Thread 0x0000019b4dc9e250 Exception <a 'java/lang/NoSuchMethodError'{0x00000000838e74b0}: 'java.lang.Object java.lang.invoke.DirectMethodHandle$Holder.invokeVirtual(java.lang.Object, java.lang.Object, int)'> (0x00000000838e74b0) 
thrown [s\src\hotspot\share\interpreter\linkResolver.cpp, line 784]
Event: 52.688 Thread 0x0000019b4dc9e250 Exception <a 'java/lang/NoSuchMethodError'{0x00000000837718b8}: 'void java.lang.invoke.DirectMethodHandle$Holder.invokeStatic(java.lang.Object, java.lang.Object, java.lang.Object, int)'> (0x00000000837718b8) 
thrown [s\src\hotspot\share\interpreter\linkResolver.cpp, line 784]
Event: 52.743 Thread 0x0000019b4dc9e250 Exception <a 'java/lang/NoSuchMethodError'{0x000000008362e4c8}: 'void java.lang.invoke.DirectMethodHandle$Holder.invokeInterface(java.lang.Object, java.lang.Object, java.lang.Object, java.lang.Object, java.lang.Object, java.lang.Object, java.lang.Object)'> (0x000000008362e4c8) 
thrown [s\src\hotspot\share\interpreter\linkResolver.cpp, line 784]
Event: 52.744 Thread 0x0000019b4dc9e250 Exception <a 'java/lang/NoSuchMethodError'{0x0000000083632e50}: 'void java.lang.invoke.DelegatingMethodHandle$Holder.reinvoke_L(java.lang.Object, java.lang.Object, java.lang.Object, java.lang.Object, java.lang.Object, java.lang.Object, java.lang.Object)'> (0x0000000083632e50) 
thrown [s\src\hotspot\share\interpreter\linkResolver.cpp, line 784]
Event: 53.335 Thread 0x0000019b4dc9e250 Exception <a 'java/lang/NoSuchMethodError'{0x0000000083352138}: 'java.lang.Object java.lang.invoke.DirectMethodHandle$Holder.invokeSpecialIFC(java.lang.Object, java.lang.Object, java.lang.Object, java.lang.Object)'> (0x0000000083352138) 
thrown [s\src\hotspot\share\interpreter\linkResolver.cpp, line 784]

ZGC Phase Switch (0 events):
No events

VM Operations (20 events):
Event: 51.000 Executing VM operation: G1CollectForAllocation (G1 Evacuation Pause)
Event: 51.020 Executing VM operation: G1CollectForAllocation (G1 Evacuation Pause) done
Event: 51.363 Executing VM operation: HandshakeAllThreads (Deoptimize)
Event: 51.363 Executing VM operation: HandshakeAllThreads (Deoptimize) done
Event: 51.573 Executing VM operation: G1TryInitiateConcMark (G1 Humongous Allocation)
Event: 51.577 Executing VM operation: G1TryInitiateConcMark (G1 Humongous Allocation) done
Event: 51.653 Executing VM operation: G1PauseRemark
Event: 51.680 Executing VM operation: G1PauseRemark done
Event: 51.713 Executing VM operation: G1PauseCleanup
Event: 51.714 Executing VM operation: G1PauseCleanup done
Event: 52.051 Executing VM operation: G1CollectForAllocation (G1 Evacuation Pause)
Event: 52.054 Executing VM operation: G1CollectForAllocation (G1 Evacuation Pause) done
Event: 52.175 Executing VM operation: HandshakeAllThreads (Deoptimize)
Event: 52.175 Executing VM operation: HandshakeAllThreads (Deoptimize) done
Event: 52.258 Executing VM operation: HandshakeAllThreads (Deoptimize)
Event: 52.258 Executing VM operation: HandshakeAllThreads (Deoptimize) done
Event: 52.261 Executing VM operation: HandshakeAllThreads (Deoptimize)
Event: 52.261 Executing VM operation: HandshakeAllThreads (Deoptimize) done
Event: 53.264 Executing VM operation: Cleanup
Event: 53.295 Executing VM operation: Cleanup done

Memory protections (0 events):
No events

Nmethod flushes (20 events):
Event: 51.679 Thread 0x0000019b47ae1f00 flushing  nmethod 0x0000019b22e10890
Event: 51.679 Thread 0x0000019b47ae1f00 flushing  nmethod 0x0000019b22e63210
Event: 51.679 Thread 0x0000019b47ae1f00 flushing  nmethod 0x0000019b22e64090
Event: 51.679 Thread 0x0000019b47ae1f00 flushing  nmethod 0x0000019b22e66010
Event: 51.679 Thread 0x0000019b47ae1f00 flushing  nmethod 0x0000019b22ef8890
Event: 51.679 Thread 0x0000019b47ae1f00 flushing  nmethod 0x0000019b22f55190
Event: 51.679 Thread 0x0000019b47ae1f00 flushing  nmethod 0x0000019b22f9d390
Event: 51.679 Thread 0x0000019b47ae1f00 flushing  nmethod 0x0000019b22f9f390
Event: 51.679 Thread 0x0000019b47ae1f00 flushing  nmethod 0x0000019b22fa0f10
Event: 51.679 Thread 0x0000019b47ae1f00 flushing  nmethod 0x0000019b22fa2190
Event: 51.679 Thread 0x0000019b47ae1f00 flushing  nmethod 0x0000019b22fa2890
Event: 51.679 Thread 0x0000019b47ae1f00 flushing  nmethod 0x0000019b22fa3e90
Event: 51.679 Thread 0x0000019b47ae1f00 flushing  nmethod 0x0000019b22fa4f90
Event: 51.679 Thread 0x0000019b47ae1f00 flushing  nmethod 0x0000019b22fa5e90
Event: 51.679 Thread 0x0000019b47ae1f00 flushing  nmethod 0x0000019b22fd2590
Event: 51.679 Thread 0x0000019b47ae1f00 flushing  nmethod 0x0000019b22fd3d10
Event: 51.679 Thread 0x0000019b47ae1f00 flushing  nmethod 0x0000019b22fd7990
Event: 51.679 Thread 0x0000019b47ae1f00 flushing  nmethod 0x0000019b23077a10
Event: 51.679 Thread 0x0000019b47ae1f00 flushing  nmethod 0x0000019b230f0f10
Event: 51.679 Thread 0x0000019b47ae1f00 flushing  nmethod 0x0000019b23276690

Events (20 events):
Event: 8.293 Thread 0x0000019b1d8157d0 Thread added: 0x0000019b4db248d0
Event: 8.603 Loaded shared library C:\Program Files\Android\Android Studio\jbr\bin\extnet.dll
Event: 8.869 Thread 0x0000019b1d8157d0 Thread added: 0x0000019b4dc4b580
Event: 9.090 Thread 0x0000019b1d8157d0 Thread added: 0x0000019b4dcd6030
Event: 9.389 Thread 0x0000019b4dc4b580 Thread added: 0x0000019b4dd723a0
Event: 9.417 Thread 0x0000019b4dd723a0 Thread added: 0x0000019b4dc79be0
Event: 9.612 Thread 0x0000019b4dd723a0 Thread added: 0x0000019b4dc7a540
Event: 9.653 Thread 0x0000019b4dd723a0 Thread added: 0x0000019b4dc9e250
Event: 9.694 Thread 0x0000019b4dc9e250 Thread added: 0x0000019b4df2f770
Event: 9.713 Thread 0x0000019b4dc9e250 Thread added: 0x0000019b4df2fe00
Event: 9.716 Thread 0x0000019b4dc9e250 Thread added: 0x0000019b4df2ea50
Event: 11.681 Thread 0x0000019b4dc9e250 Thread added: 0x0000019b4df30490
Event: 11.706 Thread 0x0000019b4dc9e250 Thread added: 0x0000019b4df30b20
Event: 11.891 Thread 0x0000019b4dc9e250 Thread added: 0x0000019b4df2f0e0
Event: 46.120 Thread 0x0000019b4dc9e250 Thread added: 0x0000019b4df2e3c0
Event: 46.325 Thread 0x0000019b4dc9e250 Thread added: 0x0000019b4df2dd30
Event: 47.315 Thread 0x0000019b4dc9e250 Thread added: 0x0000019b4e64e630
Event: 47.337 Thread 0x0000019b4dc9e250 Thread added: 0x0000019b4e650070
Event: 49.814 Thread 0x0000019b4df30b20 Thread added: 0x0000019b4e6527d0
Event: 53.246 Thread 0x0000019b4dc9e250 Thread added: 0x0000019b4e64d910


Dynamic libraries:
0x00007ff698560000 - 0x00007ff69856a000 	C:\Program Files\Android\Android Studio\jbr\bin\java.exe
0x00007ff8ca6d0000 - 0x00007ff8ca8c8000 	C:\Windows\SYSTEM32\ntdll.dll
0x00007ff8990e0000 - 0x00007ff899100000 	C:\Program Files\Avast Software\Avast\aswhook.dll
0x00007ff8ca3d0000 - 0x00007ff8ca492000 	C:\Windows\System32\KERNEL32.DLL
0x00007ff8c8090000 - 0x00007ff8c8386000 	C:\Windows\System32\KERNELBASE.dll
0x00007ff8c7f60000 - 0x00007ff8c8060000 	C:\Windows\System32\ucrtbase.dll
0x00007ff8b5010000 - 0x00007ff8b5028000 	C:\Program Files\Android\Android Studio\jbr\bin\jli.dll
0x00007ff8c8bf0000 - 0x00007ff8c8d91000 	C:\Windows\System32\USER32.dll
0x00007ff8c8560000 - 0x00007ff8c8582000 	C:\Windows\System32\win32u.dll
0x00007ff8c8890000 - 0x00007ff8c88bb000 	C:\Windows\System32\GDI32.dll
0x00007ff8b0c80000 - 0x00007ff8b0f1b000 	C:\Windows\WinSxS\amd64_microsoft.windows.common-controls_6595b64144ccf1df_6.0.19041.6456_none_60b8a6cb71f64256\COMCTL32.dll
0x00007ff8c7d60000 - 0x00007ff8c7e79000 	C:\Windows\System32\gdi32full.dll
0x00007ff8b4ff0000 - 0x00007ff8b500b000 	C:\Program Files\Android\Android Studio\jbr\bin\VCRUNTIME140.dll
0x00007ff8c9760000 - 0x00007ff8c97fe000 	C:\Windows\System32\msvcrt.dll
0x00007ff8c84c0000 - 0x00007ff8c855d000 	C:\Windows\System32\msvcp_win.dll
0x00007ff8c8da0000 - 0x00007ff8c8dcf000 	C:\Windows\System32\IMM32.DLL
0x00007ff8bdeb0000 - 0x00007ff8bdebc000 	C:\Program Files\Android\Android Studio\jbr\bin\vcruntime140_1.dll
0x00007ff873ea0000 - 0x00007ff873f2d000 	C:\Program Files\Android\Android Studio\jbr\bin\msvcp140.dll
0x00007ff85e2f0000 - 0x00007ff85ef86000 	C:\Program Files\Android\Android Studio\jbr\bin\server\jvm.dll
0x00007ff8c86f0000 - 0x00007ff8c87a1000 	C:\Windows\System32\ADVAPI32.dll
0x00007ff8c88c0000 - 0x00007ff8c895f000 	C:\Windows\System32\sechost.dll
0x00007ff8ca130000 - 0x00007ff8ca250000 	C:\Windows\System32\RPCRT4.dll
0x00007ff8c8060000 - 0x00007ff8c8087000 	C:\Windows\System32\bcrypt.dll
0x00007ff8c9860000 - 0x00007ff8c98cb000 	C:\Windows\System32\WS2_32.dll
0x00007ff8ab960000 - 0x00007ff8ab987000 	C:\Windows\SYSTEM32\WINMM.dll
0x00007ff8c7c40000 - 0x00007ff8c7c8b000 	C:\Windows\SYSTEM32\POWRPROF.dll
0x00007ff8c2690000 - 0x00007ff8c269a000 	C:\Windows\SYSTEM32\VERSION.dll
0x00007ff8c7ba0000 - 0x00007ff8c7bb2000 	C:\Windows\SYSTEM32\UMPDC.dll
0x00007ff8c5b90000 - 0x00007ff8c5ba2000 	C:\Windows\SYSTEM32\kernel.appcore.dll
0x00007ff8bdc60000 - 0x00007ff8bdc6a000 	C:\Program Files\Android\Android Studio\jbr\bin\jimage.dll
0x00007ff8c1930000 - 0x00007ff8c1b31000 	C:\Windows\SYSTEM32\DBGHELP.DLL
0x00007ff8c16b0000 - 0x00007ff8c16e4000 	C:\Windows\SYSTEM32\dbgcore.DLL
0x00007ff8c7ed0000 - 0x00007ff8c7f52000 	C:\Windows\System32\bcryptPrimitives.dll
0x00007ff8b4e00000 - 0x00007ff8b4e0e000 	C:\Program Files\Android\Android Studio\jbr\bin\instrument.dll
0x00007ff89be50000 - 0x00007ff89be70000 	C:\Program Files\Android\Android Studio\jbr\bin\java.dll
0x00007ff89a480000 - 0x00007ff89a498000 	C:\Program Files\Android\Android Studio\jbr\bin\zip.dll
0x00007ff8c9960000 - 0x00007ff8ca0d0000 	C:\Windows\System32\SHELL32.dll
0x00007ff8c5d90000 - 0x00007ff8c6535000 	C:\Windows\SYSTEM32\windows.storage.dll
0x00007ff8c8dd0000 - 0x00007ff8c9124000 	C:\Windows\System32\combase.dll
0x00007ff8c75d0000 - 0x00007ff8c75fb000 	C:\Windows\SYSTEM32\Wldp.dll
0x00007ff8ca300000 - 0x00007ff8ca3cd000 	C:\Windows\System32\OLEAUT32.dll
0x00007ff8ca4a0000 - 0x00007ff8ca54d000 	C:\Windows\System32\SHCORE.dll
0x00007ff8ca0d0000 - 0x00007ff8ca12b000 	C:\Windows\System32\shlwapi.dll
0x00007ff8c7c90000 - 0x00007ff8c7cb4000 	C:\Windows\SYSTEM32\profapi.dll
0x00007ff8bd9b0000 - 0x00007ff8bd9c0000 	C:\Program Files\Android\Android Studio\jbr\bin\net.dll
0x00007ff8c0440000 - 0x00007ff8c054a000 	C:\Windows\SYSTEM32\WINHTTP.dll
0x00007ff8c73b0000 - 0x00007ff8c741a000 	C:\Windows\system32\mswsock.dll
0x00007ff8991d0000 - 0x00007ff8991e6000 	C:\Program Files\Android\Android Studio\jbr\bin\nio.dll
0x00007ff8bc800000 - 0x00007ff8bc810000 	C:\Program Files\Android\Android Studio\jbr\bin\verify.dll
0x00007ff8b6320000 - 0x00007ff8b6347000 	C:\Users\user\.gradle\native\1def1411415f61bf3af743bc5b6707747c0891f09f0c88961ee8f79bc544acac\windows-amd64\native-platform.dll
0x00007ff87cc30000 - 0x00007ff87cca8000 	C:\Users\user\.gradle\native\0.2.7\x86_64-windows-gnu\gradle-fileevents.dll
0x00007ff8c0fc0000 - 0x00007ff8c0fc9000 	C:\Program Files\Android\Android Studio\jbr\bin\management.dll
0x00007ff8bdf20000 - 0x00007ff8bdf2b000 	C:\Program Files\Android\Android Studio\jbr\bin\management_ext.dll
0x00007ff8ca550000 - 0x00007ff8ca558000 	C:\Windows\System32\PSAPI.DLL
0x00007ff8c70b0000 - 0x00007ff8c70eb000 	C:\Windows\SYSTEM32\IPHLPAPI.DLL
0x00007ff8c8b80000 - 0x00007ff8c8b88000 	C:\Windows\System32\NSI.dll
0x00007ff8b4fe0000 - 0x00007ff8b4fe9000 	C:\Program Files\Android\Android Studio\jbr\bin\extnet.dll
0x00007ff8c7610000 - 0x00007ff8c7628000 	C:\Windows\SYSTEM32\CRYPTSP.dll
0x00007ff8c6cf0000 - 0x00007ff8c6d28000 	C:\Windows\system32\rsaenh.dll
0x00007ff8c7c00000 - 0x00007ff8c7c2e000 	C:\Windows\SYSTEM32\USERENV.dll
0x00007ff8c7540000 - 0x00007ff8c754c000 	C:\Windows\SYSTEM32\CRYPTBASE.dll
0x00007ff8ad790000 - 0x00007ff8ad797000 	C:\Windows\system32\wshunix.dll

JVMTI agents:
C:\Users\user\.gradle\wrapper\dists\gradle-8.14-all\c2qonpi39x1mddn7hk5gh9iqj\gradle-8.14\lib\agents\gradle-instrumentation-agent-8.14.jar path:C:\Program Files\Android\Android Studio\jbr\bin\instrument.dll, loaded, initialized, instrumentlib options:none

dbghelp: loaded successfully - version: 4.0.5 - missing functions: none
symbol engine: initialized successfully - sym options: 0x614 - pdb path: .;C:\Program Files\Android\Android Studio\jbr\bin;C:\Windows\SYSTEM32;C:\Program Files\Avast Software\Avast;C:\Windows\WinSxS\amd64_microsoft.windows.common-controls_6595b64144ccf1df_6.0.19041.6456_none_60b8a6cb71f64256;C:\Program Files\Android\Android Studio\jbr\bin\server;C:\Users\user\.gradle\native\1def1411415f61bf3af743bc5b6707747c0891f09f0c88961ee8f79bc544acac\windows-amd64;C:\Users\user\.gradle\native\0.2.7\x86_64-windows-gnu

VM Arguments:
jvm_args: --add-opens=java.base/java.lang=ALL-UNNAMED --add-opens=java.base/java.lang.invoke=ALL-UNNAMED --add-opens=java.base/java.util=ALL-UNNAMED --add-opens=java.prefs/java.util.prefs=ALL-UNNAMED --add-exports=jdk.compiler/com.sun.tools.javac.api=ALL-UNNAMED --add-exports=jdk.compiler/com.sun.tools.javac.util=ALL-UNNAMED --add-opens=java.base/java.util=ALL-UNNAMED --add-opens=java.prefs/java.util.prefs=ALL-UNNAMED --add-opens=java.base/java.nio.charset=ALL-UNNAMED --add-opens=java.base/java.net=ALL-UNNAMED --add-opens=java.base/java.util.concurrent.atomic=ALL-UNNAMED --add-opens=java.xml/javax.xml.namespace=ALL-UNNAMED -XX:MaxMetaspaceSize=512m -XX:ReservedCodeCacheSize=512m -XX:+HeapDumpOnOutOfMemoryError -Xmx2G -Dfile.encoding=UTF-8 -Duser.country=US -Duser.language=en -Duser.variant -javaagent:C:\Users\user\.gradle\wrapper\dists\gradle-8.14-all\c2qonpi39x1mddn7hk5gh9iqj\gradle-8.14\lib\agents\gradle-instrumentation-agent-8.14.jar 
java_command: org.gradle.launcher.daemon.bootstrap.GradleDaemon 8.14
java_class_path (initial): C:\Users\user\.gradle\wrapper\dists\gradle-8.14-all\c2qonpi39x1mddn7hk5gh9iqj\gradle-8.14\lib\gradle-daemon-main-8.14.jar
Launcher Type: SUN_STANDARD

[Global flags]
     intx CICompilerCount                          = 3                                         {product} {ergonomic}
   size_t CompressedClassSpaceSize                 = 436207616                                 {product} {ergonomic}
     uint ConcGCThreads                            = 1                                         {product} {ergonomic}
     uint G1ConcRefinementThreads                  = 4                                         {product} {ergonomic}
   size_t G1HeapRegionSize                         = 1048576                                   {product} {ergonomic}
    uintx GCDrainStackTargetSize                   = 64                                        {product} {ergonomic}
     bool HeapDumpOnOutOfMemoryError               = true                                   {manageable} {command line}
   size_t InitialHeapSize                          = 67108864                                  {product} {ergonomic}
   size_t MarkStackSize                            = 4194304                                   {product} {ergonomic}
   size_t MaxHeapSize                              = 2147483648                                {product} {command line}
   size_t MaxMetaspaceSize                         = 536870912                                 {product} {command line}
   size_t MaxNewSize                               = 1287651328                                {product} {ergonomic}
   size_t MinHeapDeltaBytes                        = 1048576                                   {product} {ergonomic}
   size_t MinHeapSize                              = 8388608                                   {product} {ergonomic}
    uintx NonNMethodCodeHeapSize                   = 5832780                                {pd product} {ergonomic}
    uintx NonProfiledCodeHeapSize                  = 265519066                              {pd product} {ergonomic}
    uintx ProfiledCodeHeapSize                     = 265519066                              {pd product} {ergonomic}
    uintx ReservedCodeCacheSize                    = 536870912                              {pd product} {command line}
     bool SegmentedCodeCache                       = true                                      {product} {ergonomic}
   size_t SoftMaxHeapSize                          = 2147483648                             {manageable} {ergonomic}
     bool UseCompressedOops                        = true                           {product lp64_product} {ergonomic}
     bool UseG1GC                                  = true                                      {product} {ergonomic}
     bool UseLargePagesIndividualAllocation        = false                                  {pd product} {ergonomic}

Logging:
Log output configuration:
 #0: stdout all=warning uptime,level,tags foldmultilines=false
 #1: stderr all=off uptime,level,tags foldmultilines=false

Environment Variables:
JAVA_HOME=C:\Program Files\Android\Android Studio\jbr
CLASSPATH=C:\Users\user\medly\android\\gradle\wrapper\gradle-wrapper.jar
PATH=C:\Program Files\Android\Android Studio\jbr\bin;C:\Program Files\Common Files\Oracle\Java\javapath;C:\Windows\system32;C:\Windows;C:\Windows\System32\Wbem;C:\Windows\System32\WindowsPowerShell\v1.0\;C:\Windows\System32\OpenSSH\;C:\Users\user\Downloads;C:\Users\user\Downloads;C:\Users\user\Downloads;C:\nvm4w\nodejs;C:\ProgramData\chocolatey\bin;C:\msys64\ucrt64\bin;C:\CogniScan\ffmpeg-8.1-essentials_build\bin;C:\CogniScan\ffmpeg-8.1-essentials_build\bin;C:\Users\user\AppData\Local\Programs\Python\Python311\Scripts\;C:\Users\user\AppData\Local\Programs\Python\Python311\;C:\Users\user\AppData\Local\Microsoft\WindowsApps;C:\Users\user\AppData\Roaming\npm;C:\Users\user\AppData\Local\Programs\Microsoft VS Code\bin;C:\Users\user\Downloads;C:\nvm4w\nodejs;C:\tools\flutter\bin;C:\Users\user\AppData\Local\Programs\Antigravity\bin;C:\tools\flutter\bin\mingit\cmd
USERNAME=user
OS=Windows_NT
PROCESSOR_IDENTIFIER=Intel64 Family 6 Model 142 Stepping 9, GenuineIntel
TMP=C:\Users\user\AppData\Local\Temp
TEMP=C:\Users\user\AppData\Local\Temp




Periodic native trim disabled

JNI global refs:
JNI global refs: 23, weak refs: 0

JNI global refs memory usage: 835, weak refs: 833

Process memory usage:
Resident Set Size: 183752K (4% of 4063908K total physical memory with 226072K free physical memory)

OOME stack traces (most recent first):
Classloader memory used:
Loader org.gradle.internal.classloader.VisitableURLClassLoader                         : 22917K
Loader bootstrap                                                                       : 20767K
Loader org.gradle.initialization.MixInLegacyTypesClassLoader                           : 2948K
Loader jdk.internal.loader.ClassLoaders$PlatformClassLoader                            : 502K
Loader jdk.internal.loader.ClassLoaders$AppClassLoader                                 : 235K
Loader org.gradle.internal.classloader.VisitableURLClassLoader                         : 3632B

Classes loaded by more than one classloader:
Class org.gradle.internal.classloader.FilteringClassLoader                            : loaded 2 times (x 105B)
Class org.gradle.internal.classloader.ClassLoaderHierarchy                            : loaded 2 times (x 70B)
Class org.gradle.api.internal.classpath.ManifestUtil                                  : loaded 2 times (x 71B)
Class org.gradle.internal.classloader.DefaultClassLoaderFactory                       : loaded 2 times (x 82B)
Class org.gradle.internal.classloader.ClassLoaderVisitor                              : loaded 2 times (x 76B)
Class org.gradle.api.internal.classpath.EffectiveClassPath                            : loaded 2 times (x 90B)
Class org.gradle.api.internal.DefaultClassPathProvider                                : loaded 2 times (x 76B)
Class [Lorg.gradle.api.internal.ClassPathProvider;                                    : loaded 2 times (x 69B)
Class org.gradle.api.internal.ClassPathProvider                                       : loaded 2 times (x 70B)
Class org.gradle.internal.service.UnknownServiceException                             : loaded 2 times (x 83B)
Class org.gradle.internal.classpath.TransformedClassPath                              : loaded 2 times (x 96B)
Class org.gradle.internal.classloader.InstrumentingClassLoader                        : loaded 2 times (x 70B)
Class org.gradle.internal.service.ServiceLocator                                      : loaded 2 times (x 70B)
Class org.gradle.internal.InternalTransformer                                         : loaded 2 times (x 70B)
Class org.gradle.internal.classloader.ClasspathUtil$1                                 : loaded 2 times (x 76B)
Class org.gradle.api.internal.classpath.DefaultModuleRegistry$DefaultModule           : loaded 2 times (x 86B)
Class org.gradle.api.internal.classpath.Module                                        : loaded 2 times (x 70B)
Class org.gradle.api.internal.classpath.UnknownModuleException                        : loaded 2 times (x 82B)
Class org.gradle.api.internal.DefaultClassPathRegistry                                : loaded 2 times (x 76B)
Class org.gradle.api.internal.ClassPathRegistry                                       : loaded 2 times (x 70B)
Class org.gradle.internal.classpath.DefaultClassPath$ImmutableUniqueList              : loaded 2 times (x 199B)
Class org.gradle.internal.classpath.ClassPath                                         : loaded 2 times (x 70B)
Class org.gradle.api.UncheckedIOException                                             : loaded 2 times (x 82B)
Class org.gradle.internal.installation.GradleInstallation$1                           : loaded 2 times (x 75B)
Class org.gradle.api.internal.classpath.ModuleRegistry                                : loaded 2 times (x 70B)
Class org.gradle.api.internal.classpath.DefaultModuleRegistry                         : loaded 2 times (x 86B)
Class org.gradle.internal.service.ServiceLookupException                              : loaded 2 times (x 82B)
Class org.gradle.internal.classloader.ClassLoaderFactory                              : loaded 2 times (x 70B)
Class org.gradle.internal.service.CachingServiceLocator                               : loaded 2 times (x 82B)
Class org.gradle.internal.classloader.ClasspathUtil                                   : loaded 2 times (x 71B)
Class org.gradle.api.specs.Spec                                                       : loaded 2 times (x 70B)
Class org.gradle.internal.classloader.VisitableURLClassLoader$InstrumentingVisitableURLClassLoader: loaded 2 times (x 123B)
Class org.gradle.internal.classloader.VisitableURLClassLoader$Spec                    : loaded 2 times (x 74B)
Class org.gradle.internal.classpath.DefaultClassPath                                  : loaded 2 times (x 90B)
Class org.gradle.internal.classloader.ClassLoaderSpec                                 : loaded 2 times (x 71B)
Class org.gradle.internal.classloader.VisitableURLClassLoader                         : loaded 2 times (x 117B)
Class org.gradle.internal.Cast                                                        : loaded 2 times (x 71B)
Class org.gradle.api.Action                                                           : loaded 2 times (x 70B)
Class org.gradle.internal.classpath.DefaultClassPath$ImmutableUniqueList$Builder      : loaded 2 times (x 75B)
Class org.gradle.api.GradleException                                                  : loaded 2 times (x 82B)
Class org.gradle.internal.IoActions                                                   : loaded 2 times (x 71B)
Class org.gradle.internal.classloader.SystemClassLoaderSpec                           : loaded 2 times (x 71B)
Class org.gradle.api.internal.classpath.GlobalCacheRootsProvider                      : loaded 2 times (x 70B)
Class org.gradle.internal.installation.CurrentGradleInstallationLocator               : loaded 2 times (x 71B)
Class org.gradle.internal.service.DefaultServiceLocator                               : loaded 2 times (x 83B)
Class org.gradle.internal.installation.CurrentGradleInstallation                      : loaded 2 times (x 73B)
Class org.gradle.util.internal.GUtil                                                  : loaded 2 times (x 71B)
Class org.gradle.internal.installation.GradleInstallation                             : loaded 2 times (x 75B)

---------------  S Y S T E M  ---------------

OS:
 Windows 10 , 64 bit Build 19041 (10.0.19041.5915)
OS uptime: 3 days 4:04 hours
Hyper-V role detected

CPU: total 4 (initial active 4) (2 cores per cpu, 2 threads per core) family 6 model 142 stepping 9 microcode 0xb4, cx8, cmov, fxsr, ht, mmx, 3dnowpref, sse, sse2, sse3, ssse3, sse4.1, sse4.2, popcnt, lzcnt, tsc, tscinvbit, avx, avx2, aes, erms, clmul, bmi1, bmi2, adx, fma, vzeroupper, clflush, clflushopt, hv, rdtscp, f16c
Processor Information for the first 4 processors :
  Max Mhz: 2712, Current Mhz: 2712, Mhz Limit: 2712

Memory: 4k page, system-wide physical 3968M (217M free)
TotalPageFile size 16256M (AvailPageFile size 4M)
current process WorkingSet (physical memory assigned to process): 179M, peak: 179M
current process commit charge ("private bytes"): 244M, peak: 246M

vm_info: OpenJDK 64-Bit Server VM (21.0.8+-14196175-b1038.72) for windows-amd64 JRE (21.0.8+-14196175-b1038.72), built on 2025-10-01T10:24:33Z by "builder" with MS VC++ 16.10 / 16.11 (VS2019)

END.
